23-Feb-2024 05:48:28.984 INFO [Thread-1] org.apache.catalina.core.ApplicationContext.log SessionListener: contextDestroyed()
23-Feb-2024 05:48:28.985 INFO [Thread-1] org.apache.catalina.core.ApplicationContext.log ContextListener: contextDestroyed()
23-Feb-2024 07:18:11.511 INFO [main] org.apache.catalina.core.ApplicationContext.log ContextListener: contextInitialized()
23-Feb-2024 07:18:11.512 INFO [main] org.apache.catalina.core.ApplicationContext.log SessionListener: contextInitialized()
23-Feb-2024 07:18:11.512 INFO [main] org.apache.catalina.core.ApplicationContext.log ContextListener: attributeAdded('StockTicker', 'async.Stockticker@51a651c1')
23-Feb-2024 07:25:40.798 INFO [Thread-1] org.apache.catalina.core.ApplicationContext.log SessionListener: contextDestroyed()
23-Feb-2024 07:25:40.798 INFO [Thread-1] org.apache.catalina.core.ApplicationContext.log ContextListener: contextDestroyed()
23-Feb-2024 08:11:30.509 INFO [main] org.apache.catalina.core.ApplicationContext.log ContextListener: contextInitialized()
23-Feb-2024 08:11:30.509 INFO [main] org.apache.catalina.core.ApplicationContext.log SessionListener: contextInitialized()
23-Feb-2024 08:11:30.510 INFO [main] org.apache.catalina.core.ApplicationContext.log ContextListener: attributeAdded('StockTicker', 'async.Stockticker@51a651c1')
23-Feb-2024 08:15:00.680 INFO [Catalina-utility-1] org.apache.catalina.core.ApplicationContext.log SessionListener: contextDestroyed()
23-Feb-2024 08:15:00.681 INFO [Catalina-utility-1] org.apache.catalina.core.ApplicationContext.log ContextListener: contextDestroyed()
23-Feb-2024 08:15:06.902 INFO [Catalina-utility-1] org.apache.catalina.core.ApplicationContext.log ContextListener: contextInitialized()
23-Feb-2024 08:15:06.906 INFO [Catalina-utility-1] org.apache.catalina.core.ApplicationContext.log SessionListener: contextInitialized()
23-Feb-2024 08:15:06.906 INFO [Catalina-utility-1] org.apache.catalina.core.ApplicationContext.log ContextListener: attributeAdded('StockTicker', 'async.Stockticker@34c67b17')
23-Feb-2024 08:15:24.797 INFO [main] org.apache.catalina.core.ApplicationContext.log ContextListener: contextInitialized()
23-Feb-2024 08:15:24.797 INFO [main] org.apache.catalina.core.ApplicationContext.log SessionListener: contextInitialized()
23-Feb-2024 08:15:24.798 INFO [main] org.apache.catalina.core.ApplicationContext.log ContextListener: attributeAdded('StockTicker', 'async.Stockticker@7b2ccba5')
23-Feb-2024 08:15:24.967 INFO [main] org.apache.catalina.core.ApplicationContext.log SessionListener: contextDestroyed()
23-Feb-2024 08:15:24.967 INFO [main] org.apache.catalina.core.ApplicationContext.log ContextListener: contextDestroyed()
23-Feb-2024 08:38:38.385 INFO [main] org.apache.catalina.core.ApplicationContext.log ContextListener: contextInitialized()
23-Feb-2024 08:38:38.393 INFO [main] org.apache.catalina.core.ApplicationContext.log SessionListener: contextInitialized()
23-Feb-2024 08:38:38.394 INFO [main] org.apache.catalina.core.ApplicationContext.log ContextListener: attributeAdded('StockTicker', 'async.Stockticker@7b2ccba5')
23-Feb-2024 08:38:38.538 INFO [main] org.apache.catalina.core.ApplicationContext.log SessionListener: contextDestroyed()
23-Feb-2024 08:38:38.539 INFO [main] org.apache.catalina.core.ApplicationContext.log ContextListener: contextDestroyed()
